[debug] [2024-09-07T08:49:05.638Z] ----------------------------------------------------------------------
[debug] [2024-09-07T08:49:05.641Z] Command:       C:\Program Files\nodejs\node.exe C:\Users\patel\AppData\Roaming\npm\node_modules\firebase-tools\lib\bin\firebase.js init
[debug] [2024-09-07T08:49:05.642Z] CLI Version:   13.16.0
[debug] [2024-09-07T08:49:05.642Z] Platform:      win32
[debug] [2024-09-07T08:49:05.642Z] Node Version:  v20.11.1
[debug] [2024-09-07T08:49:05.642Z] Time:          Sat Sep 07 2024 14:19:05 GMT+0530 (India Standard Time)
[debug] [2024-09-07T08:49:05.642Z] ----------------------------------------------------------------------
[debug] 
[debug] [2024-09-07T08:49:05.646Z] >>> [apiv2][query] GET https://firebase-public.firebaseio.com/cli.json [none]
[debug] [2024-09-07T08:49:05.692Z] > command requires scopes: ["email","openid","https://www.googleapis.com/auth/cloudplatformprojects.readonly","https://www.googleapis.com/auth/firebase","https://www.googleapis.com/auth/cloud-platform"]
[debug] [2024-09-07T08:49:05.692Z] > authorizing via signed-in user (patelmahir3106@gmail.com)
[info] 
     ######## #### ########  ######## ########     ###     ######  ########
     ##        ##  ##     ## ##       ##     ##  ##   ##  ##       ##
     ######    ##  ########  ######   ########  #########  ######  ######
     ##        ##  ##    ##  ##       ##     ## ##     ##       ## ##
     ##       #### ##     ## ######## ########  ##     ##  ######  ########

You're about to initialize a Firebase project in this directory:

  D:\Sem - 7 Project\DIS1\Contact Us

[debug] [2024-09-07T08:49:06.463Z] <<< [apiv2][status] GET https://firebase-public.firebaseio.com/cli.json 200
[debug] [2024-09-07T08:49:06.464Z] <<< [apiv2][body] GET https://firebase-public.firebaseio.com/cli.json {"cloudBuildErrorAfter":1594252800000,"cloudBuildWarnAfter":1590019200000,"defaultNode10After":1594252800000,"minVersion":"3.0.5","node8DeploysDisabledAfter":1613390400000,"node8RuntimeDisabledAfter":1615809600000,"node8WarnAfter":1600128000000}
[info] 
=== Project Setup
[info] 
[info] First, let's associate this project directory with a Firebase project.
[info] You can create multiple project aliases by running firebase use --add, 
[info] but for now we'll just set up a default project.
[info] 
[debug] [2024-09-07T08:49:36.371Z] > refreshing access token with scopes: []
[debug] [2024-09-07T08:49:36.372Z] >>> [apiv2][query] POST https://www.googleapis.com/oauth2/v3/token [none]
[debug] [2024-09-07T08:49:36.372Z] >>> [apiv2][body] POST https://www.googleapis.com/oauth2/v3/token [omitted]
[debug] [2024-09-07T08:49:36.732Z] <<< [apiv2][status] POST https://www.googleapis.com/oauth2/v3/token 200
[debug] [2024-09-07T08:49:36.732Z] <<< [apiv2][body] POST https://www.googleapis.com/oauth2/v3/token [omitted]
[debug] [2024-09-07T08:49:36.759Z] >>> [apiv2][query] GET https://firebase.googleapis.com/v1beta1/projects pageSize=100
[debug] [2024-09-07T08:49:37.567Z] <<< [apiv2][status] GET https://firebase.googleapis.com/v1beta1/projects 200
[debug] [2024-09-07T08:49:37.567Z] <<< [apiv2][body] GET https://firebase.googleapis.com/v1beta1/projects [omitted]
[info] i  Using project companyreq-9bb24 (companyreq) 
[info] 
=== Database Setup
[info] i  database: ensuring required API firebasedatabase.googleapis.com is enabled... 
[debug] [2024-09-07T08:49:42.121Z] >>> [apiv2][query] GET https://serviceusage.googleapis.com/v1/projects/companyreq-9bb24/services/firebasedatabase.googleapis.com [none]
[debug] [2024-09-07T08:49:42.121Z] >>> [apiv2][(partial)header] GET https://serviceusage.googleapis.com/v1/projects/companyreq-9bb24/services/firebasedatabase.googleapis.com x-goog-quota-user=projects/companyreq-9bb24
[debug] [2024-09-07T08:49:44.265Z] <<< [apiv2][status] GET https://serviceusage.googleapis.com/v1/projects/companyreq-9bb24/services/firebasedatabase.googleapis.com 200
[debug] [2024-09-07T08:49:44.266Z] <<< [apiv2][body] GET https://serviceusage.googleapis.com/v1/projects/companyreq-9bb24/services/firebasedatabase.googleapis.com [omitted]
[warn] !  database: missing required API firebasedatabase.googleapis.com. Enabling now... 
[debug] [2024-09-07T08:49:44.267Z] >>> [apiv2][query] POST https://serviceusage.googleapis.com/v1/projects/companyreq-9bb24/services/firebasedatabase.googleapis.com:enable [none]
[debug] [2024-09-07T08:49:44.267Z] >>> [apiv2][(partial)header] POST https://serviceusage.googleapis.com/v1/projects/companyreq-9bb24/services/firebasedatabase.googleapis.com:enable x-goog-quota-user=projects/companyreq-9bb24
[debug] [2024-09-07T08:49:44.816Z] <<< [apiv2][status] POST https://serviceusage.googleapis.com/v1/projects/companyreq-9bb24/services/firebasedatabase.googleapis.com:enable 200
[debug] [2024-09-07T08:49:44.816Z] <<< [apiv2][body] POST https://serviceusage.googleapis.com/v1/projects/companyreq-9bb24/services/firebasedatabase.googleapis.com:enable [omitted]
[debug] [2024-09-07T08:49:54.827Z] >>> [apiv2][query] GET https://serviceusage.googleapis.com/v1/projects/companyreq-9bb24/services/firebasedatabase.googleapis.com [none]
[debug] [2024-09-07T08:49:54.827Z] >>> [apiv2][(partial)header] GET https://serviceusage.googleapis.com/v1/projects/companyreq-9bb24/services/firebasedatabase.googleapis.com x-goog-quota-user=projects/companyreq-9bb24
[debug] [2024-09-07T08:49:56.746Z] <<< [apiv2][status] GET https://serviceusage.googleapis.com/v1/projects/companyreq-9bb24/services/firebasedatabase.googleapis.com 200
[debug] [2024-09-07T08:49:56.746Z] <<< [apiv2][body] GET https://serviceusage.googleapis.com/v1/projects/companyreq-9bb24/services/firebasedatabase.googleapis.com [omitted]
[info] +  database: required API firebasedatabase.googleapis.com is enabled 
[info] 
[debug] [2024-09-07T08:49:56.751Z] >>> [apiv2][query] GET https://firebase.googleapis.com/v1beta1/projects/companyreq-9bb24 [none]
[debug] [2024-09-07T08:49:57.537Z] <<< [apiv2][status] GET https://firebase.googleapis.com/v1beta1/projects/companyreq-9bb24 200
[debug] [2024-09-07T08:49:57.538Z] <<< [apiv2][body] GET https://firebase.googleapis.com/v1beta1/projects/companyreq-9bb24 {"projectId":"companyreq-9bb24","projectNumber":"497557676264","displayName":"companyreq","name":"projects/companyreq-9bb24","resources":{"hostingSite":"companyreq-9bb24"},"state":"ACTIVE","etag":"1_7f40fe63-354f-4121-a468-0c5705fbf231"}
[debug] [2024-09-07T08:50:06.662Z] >>> [apiv2][query] POST https://firebasedatabase.googleapis.com/v1beta/projects/companyreq-9bb24/locations/asia-southeast1/instances databaseId=companyreq-9bb24-default-rtdb&validateOnly=true
[debug] [2024-09-07T08:50:06.662Z] >>> [apiv2][body] POST https://firebasedatabase.googleapis.com/v1beta/projects/companyreq-9bb24/locations/asia-southeast1/instances {"type":"default_database"}
[debug] [2024-09-07T08:50:08.818Z] <<< [apiv2][status] POST https://firebasedatabase.googleapis.com/v1beta/projects/companyreq-9bb24/locations/asia-southeast1/instances 200
[debug] [2024-09-07T08:50:08.818Z] <<< [apiv2][body] POST https://firebasedatabase.googleapis.com/v1beta/projects/companyreq-9bb24/locations/asia-southeast1/instances {"name":"projects/497557676264/locations/asia-southeast1/instances/companyreq-9bb24-default-rtdb","project":"projects/497557676264","databaseUrl":"https://companyreq-9bb24-default-rtdb.asia-southeast1.firebasedatabase.app","type":"DEFAULT_DATABASE","state":"ACTIVE"}
[debug] [2024-09-07T08:50:08.820Z] >>> [apiv2][query] POST https://firebasedatabase.googleapis.com/v1beta/projects/companyreq-9bb24/locations/asia-southeast1/instances databaseId=companyreq-9bb24-default-rtdb
[debug] [2024-09-07T08:50:08.820Z] >>> [apiv2][body] POST https://firebasedatabase.googleapis.com/v1beta/projects/companyreq-9bb24/locations/asia-southeast1/instances {"type":"default_database"}
[debug] [2024-09-07T08:50:09.541Z] <<< [apiv2][status] POST https://firebasedatabase.googleapis.com/v1beta/projects/companyreq-9bb24/locations/asia-southeast1/instances 200
[debug] [2024-09-07T08:50:09.542Z] <<< [apiv2][body] POST https://firebasedatabase.googleapis.com/v1beta/projects/companyreq-9bb24/locations/asia-southeast1/instances {"name":"projects/497557676264/locations/asia-southeast1/instances/companyreq-9bb24-default-rtdb","project":"projects/497557676264","databaseUrl":"https://companyreq-9bb24-default-rtdb.asia-southeast1.firebasedatabase.app","type":"DEFAULT_DATABASE","state":"ACTIVE"}
[info] 
[info] Firebase Realtime Database Security Rules allow you to define how your data should be
[info] structured and when your data can be read from and written to.
[info] 
